cpu
cpu
loaded model
Elapsed time: 2.9963743686676025
vada.jpeg
RECIPE 1
[1m
Title:[0m Potato and onion soup
[1m
Ingredients:[0m
onion, pepper, oil, salt, potato, clove, flour, water
[1m
Instructions:[0m
-Heat oil in a large saucepan over medium heat.
-Add onion and garlic; cook and stir until onion is tender, about 5 minutes.
-Stir in flour and cook for 1 minute.
-Gradually stir in water, stirring constantly.
-Bring to a boil; cook and stir for 2 minutes.
-Stir in potatoes and salt.
-Reduce heat to low; cover and simmer until potatoes are tender, about 20 minutes.
====================
RECIPE 2
[1m
Title:[0m Garlic and onion potatoes
[1m
Ingredients:[0m
onion, pepper, oil, salt, potato, clove, flour, water
[1m
Instructions:[0m
-Heat the oil in a dutch oven over medium-high heat.
-Add the potatoes, garlic and onion and saute for 5 minutes.
-Sprinkle in the flour, stir together and add the water.
-Reduce the heat to low and cook, stirring often, until thickened, about 5 minutes.
-Season with the salt and pepper.
====================
Not a valid recipe!
Reason:  no eos found
RECIPE 3
[1m
Title:[0m Spicy sweet potato soup
[1m
Ingredients:[0m
onion, pepper, oil, salt, potato, clove, flour, water
[1m
Instructions:[0m
-In a large saucepan over moderate heat, cook the onion in 1 tablespoon olive oil until translucent; stir in garlic and sweet potato, cover and cook for 5 minutes.
-Season with salt and pepper.
-Add the flour and cook, stirring, until blended.
-Pour in the water, and bring to a boil.
-Simmer until thickened, 5 to 6 minutes.
-Stir in cayenne pepper.
-Season with salt and serve.
====================
4.jpg
RECIPE 1
[1m
Title:[0m Penne with caramelized onions
[1m
Ingredients:[0m
cheese, pasta, pepper, onion, oil
[1m
Instructions:[0m
-Heat oil in large skillet over medium-high heat.
-Add onions; cook until golden brown, stirring occasionally, about 15 minutes.
-Add pasta and cook until heated through, stirring occasionally, about 10 minutes.
-Season with salt and pepper.
-Sprinkle with cheese.
====================
RECIPE 2
[1m
Title:[0m Pasta with a kick
[1m
Ingredients:[0m
cheese, pasta, pepper, onion, oil
[1m
Instructions:[0m
-Boil water until it goes to your boil
-In a skillet, sautee onions in olive oil until golden.
-Add in pasta
-Add in the can of tomatoes, mix well
-Add in the salt, pepper and cheese
-Cook on high
====================
RECIPE 3
[1m
Title:[0m Rigatoni alla norma
[1m
Ingredients:[0m
cheese, pasta, pepper, onion, oil
[1m
Instructions:[0m
-Preheat the oven to 325 degrees.
-In a large bowl, combine the pasta, onion, salt and pepper.
-Add the cheese and mix well.
-Spread the mixture in two thin layer on a cookie sheet in an 11x15 inch layer.
-Bake for 25 minutes or until the pasta is cooked.
====================
Not a valid recipe!
Reason:  no eos found
2.jpg
RECIPE 1
[1m
Title:[0m Avocado egg salad sandwich
[1m
Ingredients:[0m
avocado, bread, tomato, mayonnaise, pepper, egg, salt
[1m
Instructions:[0m
-Toast bread.
-Spread mayonnaise on one side of each slice.
-Place avocado slices on one slice of bread.
-Top with tomato slices and salt and pepper.
-Top with other slice of bread.
====================
RECIPE 2
[1m
Title:[0m Avocado and tomato egg toast sandwiches
[1m
Ingredients:[0m
avocado, bread, tomato, mayonnaise, pepper, egg, salt
[1m
Instructions:[0m
-Heat skillet to medium high; add oil.
-Break the eggs into the pan and cook until the whites are set, 2 to 3 minutes.
-Remove with a slotted spoon and set on a plate.
-Add the mayonnaise and toast until the mayonnaise is melted and the eggs are set, 1 to 2 minutes.
-Season with salt and pepper and top with sliced avocado.
====================
RECIPE 3
[1m
Title:[0m Easy and tasty avocado egg sandwich
[1m
Ingredients:[0m
avocado, bread, tomato, mayonnaise, pepper, egg, salt
[1m
Instructions:[0m
-Toast bread.
-Spread mayonnaise on both.
-Arrange egg on tomato slices.
-Sprinkle salt and pepper.
-Place avocado slices on top.
-Enjoy !
====================
RECIPE 4
[1m
Title:[0m Posh egg toast
[1m
Ingredients:[0m
avocado, bread, tomato, mayonnaise, pepper, egg, salt
[1m
Instructions:[0m
-Heat the oven to 200 celsius, gas mark 6.
-Toast the bread, spread with mayonnaise and add the tomatoes.
-Season with the black pepper to taste.
-Place the egg on top of the toasts.
-Bake for 10 minutes.
====================
1.jpg
RECIPE 1
[1m
Title:[0m Garlic shrimp scampi
[1m
Ingredients:[0m
shrimp, pepper, butter, clove, oil, salt, pasta, parsley
[1m
Instructions:[0m
-Heat olive oil in a large skillet over medium heat.
-Cook and stir garlic in hot oil until fragrant, about 1 minute.
-Stir shrimp into garlic; cook and stir until shrimp are pink and opaque, about 3 minutes.
-Season with salt and pepper.
-Stir butter into shrimp mixture until melted and sauce is heated through, about 2 minutes.
-Stir parsley into shrimp mixture; cook and stir until heated through, about 1 minute.
====================
RECIPE 2
[1m
Title:[0m Angel hair with shrimp
[1m
Ingredients:[0m
shrimp, pepper, butter, clove, oil, salt, pasta, parsley
[1m
Instructions:[0m
-Heat olive oil and butter and garlic in a large skillet over medium-low heat.
-Add shrimp and cook, stirring, until shrimp turn pink, 3 to 4 minutes.
-Season with salt and pepper; stir in parsley.
-Pour pasta over shrimp mixture and toss to coat.
-Serve immediately.
====================
RECIPE 3
[1m
Title:[0m Angel hair pasta with shrimp
[1m
Ingredients:[0m
shrimp, pepper, butter, clove, oil, salt, pasta, parsley
[1m
Instructions:[0m
-Place a large pot of salted water on to boil.
-Add the angel hair pasta; cook until al dente; drain.
-In an electric skillet, melt the butter over medium heat.
-Add the garlic and cook, stirring, for about 1 minute.
-Increase the heat to medium-high, add the shrimp, salt, and pepper and stir for about 3 minutes.
-Pour in the parsley, reduce the heat to low and simmer for 3 to 4 minutes longer.
-Toss the shrimp with the olive oil and serve immediately.
====================
RECIPE 4
[1m
Title:[0m Easy garlic shrimp alfredo
[1m
Ingredients:[0m
shrimp, pepper, butter, clove, oil, salt, pasta, parsley
[1m
Instructions:[0m
-Heat oil in large saute pan.
-Add garlic and shrimp.
-Saute 3 minutes or until shrimp are cooked through.
-Add the remaining ingredients and mix until well combined.
-Serve over pasta or rice.
====================
6.jpg
RECIPE 1
[1m
Title:[0m Chicken enchiladas
[1m
Ingredients:[0m
cheese, tortilla, onion, cream, enchilada_sauce, chicken, chili, beans, pepper, tomato, cumin
[1m
Instructions:[0m
-Preheat oven to 350 degrees.
-In a large bowl, combine chicken, beans, tomatoes, onion, green chilies, cumin, and chili powder.
-Spoon about 1/4 cup of the chicken mixture down the center of each tortilla.
-Roll up and place seam side down in a greased 13x9 baking dish.
-Pour enchilada sauce over enchiladas.
-Sprinkle with cheese.
-Bake uncovered for 20 minutes.
====================
RECIPE 2
[1m
Title:[0m Cheesy chicken enchiladas i
[1m
Ingredients:[0m
cheese, tortilla, onion, cream, enchilada_sauce, chicken, chili, beans, pepper, tomato, cumin
[1m
Instructions:[0m
-Combine beans, 1/4 cup cheese, onions, peppers, chili powder, and cumin in bowl.
-Combine chicken, tomatoes and enchilada sauce in separate bowl.
-Place 2 of the enchilada sauce mixture in bottom of greased 13x9 inch baking dish.
-Fill each tortilla with 1/2 c chicken mixture, roll.
-Place seam side down in dish.
-Pour remaining enchilada sauce evenly over enchiladas.
-Top each with 1/2 c sour cream.
-Bake at 350 degrees f (175 degrees c) for 30 minutes.
-Sprinkle remaining 1/2 c cheese evenly over each enchilada sauce.
-Bake 10 to 15 minutes more or until cheese is melted.
====================
RECIPE 3
[1m
Title:[0m Mexican chicken enchiladas
[1m
Ingredients:[0m
cheese, tortilla, onion, cream, enchilada_sauce, chicken, chili, beans, pepper, tomato, cumin
[1m
Instructions:[0m
-Preheat oven to 350 degrees.
-Saute onion in skillet until soft.
-Stir in the enchilada sauce, beans, and tomatoes.
-Simmer for a few minutes to thicken.
-Spray 8x8 casserole dish with cooking spray.
-In large mixing bowl combine chicken, green chilies, enchilada sauce (with green chilies), sour cream and 1/2 cup of the shredded cheese.
-Mix.
-Stir in the chicken mixture.
-Pour mixture into the casserole dish, and sprinkle remaining 1/4 cup of shredded cheese.
-Sprinkle the top with a little more cheese and green enchilada sauce.
-Cover and bake for 30 minutes.
-Uncover, and cook another 10 minutes.
====================
RECIPE 4
[1m
Title:[0m Cheesy chicken enchiladas
[1m
Ingredients:[0m
cheese, tortilla, onion, cream, enchilada_sauce, chicken, chili, beans, pepper, tomato, cumin
[1m
Instructions:[0m
-Preheat oven to 375f.
-In a small bowl, mix together chicken, refried beans and 1/4 cup of the enchilada sauce.
-Spread a little of chicken mixture onto each tortilla to within 1/2 inch of edges.
-Roll up, tucking in ends, then roll up enchiladas starting at one end.
-Place seam side down in a greased 11 x 13 inch baking dish.
-Top enchiladas with remaining sauce, cheese, and green chilies.
-Bake uncovered 20 minutes.
-Serve with sour cream, salsa and remaining cheese.
====================
biryani.jpeg
RECIPE 1
[1m
Title:[0m Fried egg
[1m
Ingredients:[0m
oil, onion, pepper, tomato, carrot, egg, salt
[1m
Instructions:[0m
-Heat oil in a large skillet over medium heat.
-Add onion and carrot and cook until tender, about 5 minutes.
-Add tomatoes and cook until heated through, about 5 minutes.
-Season with salt and pepper.
====================
RECIPE 2
[1m
Title:[0m Easy egg salad
[1m
Ingredients:[0m
oil, onion, pepper, tomato, carrot, egg, salt
[1m
Instructions:[0m
-Chop tomato in half.
-Chop onion into pieces.
-Chop carrot into small pieces.
-Cut eggs into thin slices.
-In bowl beat egg.
-Add olive oil and mix.
-Pour over tomato, onion and carrot.
-Add salt and pepper and mix.
====================
Not a valid recipe!
Reason:  Repeated instructions.
RECIPE 3
[1m
Title:[0m Scrambled eggs with onion
[1m
Ingredients:[0m
oil, onion, pepper, tomato, carrot, egg, salt
[1m
Instructions:[0m
-Saute chopped onion with a dash of salt and pepper in a large frypan until lightly browned.
-Remove onion with a slotted spoon.
-Add chopped carrot.
-Cook until carrots are golden brown and tender.
-Add beaten eggs to pan and stir until firm.
-Add tomato and salt.
-Cook until egg starts to set.
====================
3.jpg
RECIPE 1
[1m
Title:[0m Grilled eggplant and zucchini
[1m
Ingredients:[0m
zucchini, oil, salt, squash, pepper, eggplant
[1m
Instructions:[0m
-Preheat grill to medium-high.
-Brush eggplant slices with oil and season with salt and pepper.
-Grill, turning once, until tender and lightly charred, about 10 minutes.
-Transfer to a platter and let cool.
-Cut into 1/2-inch slices.
-Serve with grilled zucchini.
====================
RECIPE 2
[1m
Title:[0m Baked eggplant and zucchini
[1m
Ingredients:[0m
zucchini, oil, salt, squash, pepper, eggplant
[1m
Instructions:[0m
-Preheat oven to 400 degrees f. lightly oil a 2-quart baking dish or baking dish.
-Cut the zucchini into 1/2 inch thick rounds.
-Place the eggplant rounds in the dish and drizzle evenly with oil.
-Sprinkle with salt and pepper.
-Roast, rotating occasionally, until the eggplant and zucchini are tender, about 20 minutes.
-Serve hot or at room temperature.
====================
RECIPE 3
[1m
Title:[0m Sauteed summer squash
[1m
Ingredients:[0m
zucchini, oil, salt, squash, pepper, eggplant
[1m
Instructions:[0m
-Heat the olive oil in a large skillet over medium heat.
-Add the zucchini, squash, and salt.
-Cook until soft, about 7 minutes.
-Add the pepper and serve hot.
====================
RECIPE 4
[1m
Title:[0m Roasted zucchini and eggplant
[1m
Ingredients:[0m
zucchini, oil, salt, squash, pepper, eggplant
[1m
Instructions:[0m
-Slice each zucchini into 5 mm thick slices.
-Heat vegetable oil in a pan and saute the eggplant until it begins to become soft.
-Transfer to a baking tray lined with parchment paper.
-Preheat oven to 230c.
-Spread the zucchini slices on the paper and sprinkle a little salt on each piece.
-Roast for 20 minutes.
====================
red_rock.jpg
RECIPE 1
[1m
Title:[0m Peanut butter cookies
[1m
Ingredients:[0m
salt, flour, sugar, butter, oil, egg, baking_powder
[1m
Instructions:[0m
-Preheat oven to 350 degrees f (175 degrees c).
-Grease cookie sheets.
-In a large bowl, cream together the peanut butter, butter, oil, and sugar until smooth.
-Beat in the eggs one at a time, then stir in the flour, baking powder and salt.
-Drop by rounded spoonfuls onto the prepared cookie sheets.
-Bake for 8 to 10 minutes in the preheated oven.
-Allow cookies to cool on baking sheet for 5 minutes before removing to a wire rack to cool completely.
====================
RECIPE 2
[1m
Title:[0m Bunuelos
[1m
Ingredients:[0m
salt, flour, sugar, butter, oil, egg, baking_powder
[1m
Instructions:[0m
-Sift the flour, sugar, baking powder and salt into a large bowl.
-Make a well in the centre and pour in the eggs.
-Beat until the mixture forms a stiff dough.
-Roll into balls and place on a floured surface.
-Let stand for 5 minutes, then roll into rounds using your hands.
-Fry in hot olive oil until golden and crisp and cooked through; drain on paper towels.
====================
RECIPE 3
[1m
Title:[0m Peanut butter biscotti
[1m
Ingredients:[0m
salt, flour, sugar, butter, oil, egg, baking_powder
[1m
Instructions:[0m
-Preheat oven to 375 degrees f (190 degrees c).
-Grease cookie sheets.
-Whisk together the flour, sugar, baking powder, eggs, and salt in a bowl.
-Stir in the peanut butter until evenly incorporated.
-Drop dough by teaspoonfuls onto the prepared cookie sheet.
-Bake in the preheated oven until golden and crisp, 15 to 20 minutes.
-Transfer to a rack to cool.
-Slice into 1/2-inch slices.
-Cool completely to room temperature and store in an airtight container.
====================
RECIPE 4
[1m
Title:[0m Bunuelos de harina
[1m
Ingredients:[0m
salt, flour, sugar, butter, oil, egg, baking_powder
[1m
Instructions:[0m
-Combine the flour, baking powder, and salt in a medium bowl; set aside.
-In a large saucepan, bring the water to a boil, and stir in the sugar and butter until dissolved.
-Reduce heat to medium, and cook for 15 to 20 minutes, or until the mixture is thick and bubbly, stirring occasionally.
-Remove from heat, and stir in the beaten egg, 1 teaspoon at a time.
-Stir in the oil, then the flour mixture.
-Drop by spoonfuls onto greased baking sheets.
-Cool until firm.
-Store in an airtight container at room temperature.
-Store in the refrigerator.
====================
fish.jpg
RECIPE 1
[1m
Title:[0m Hummingbird
[1m
Ingredients:[0m
sugar, juice, ice, water
[1m
Instructions:[0m
-In a cocktail shaker, combine the tequila, elderflower liqueur, lemon juice and sugar.
-Fill the shaker with ice and shake well.
-Strain into a chilled rocks glass over crushed ice.
====================
RECIPE 2
[1m
Title:[0m Hummingbird
[1m
Ingredients:[0m
sugar, juice, ice, water
[1m
Instructions:[0m
-Combine sugar, lemon juice and water in a saucepan.
-Bring to a boil, stirring until sugar dissolves.
-Cook over medium heat for 5 minutes, or until mixture reaches 260 degrees f (125 degrees c), stirring occasionally.
-Strain syrup through a sieve into a glass measuring cup and reserve syrup to use.
-To make lavender syrup: in a glass or ceramic bowl, combine syrup, grapefruit juice and soda.
-Stir until sugar dissolves.
-Fill glass 1/3 full with ice.
-Pour in sparkling water and gently stir.
-Serve immediately.
====================
RECIPE 3
[1m
Title:[0m Hummingbird nectar
[1m
Ingredients:[0m
sugar, juice, ice, water
[1m
Instructions:[0m
-Put the pineapple juice, white sugar, and water in a pot.
-Heat to a boil, and let it boil until the pineapple juice is fully dissolved.
-Remove the pineapple and allow it to cool.
-Once the pineapple cools and the juices have reduced and cooled to body temperature, put the fruit in a punch bowl.
-Stir in the soda.
====================
RECIPE 4
[1m
Title:[0m Hummingbird
[1m
Ingredients:[0m
sugar, juice, ice, water
[1m
Instructions:[0m
-Put ice, elderflower heads, and lime juice in a blender.
-Cover, and blend on high speed until smooth, about 30 seconds.
-Pour in elderflower tumblers or wineglasses.
-Top each drink with seltzer, and serve.
====================
5.jpg
RECIPE 1
[1m
Title:[0m Easy pancakes
[1m
Ingredients:[0m
sugar, flour, egg, salt, butter, baking_powder, milk, oil
[1m
Instructions:[0m
-Mix all ingredients together.
-Heat skillet and pour 1/4 cup of batter onto skillet.
-Cook until bubbles form on top.
-Flip and cook until golden brown.
====================
RECIPE 2
[1m
Title:[0m Easy pancakes with a kick
[1m
Ingredients:[0m
sugar, flour, egg, salt, butter, baking_powder, milk, oil
[1m
Instructions:[0m
-Combine first 6 ingredients together in a bowl.
-Make a well in middle.
-Pour in milk and oil, and mix until combined.
-(it will be thick).
-Heat a lightly oiled griddle or frying pan over medium-high heat.
-Spoon the batter in, and quickly cook on both sides until lightly browned.
====================
RECIPE 3
[1m
Title:[0m Peanut butter bread
[1m
Ingredients:[0m
sugar, flour, egg, salt, butter, baking_powder, milk, oil
[1m
Instructions:[0m
-Mix together flour and salt.
-Cut in peanut butter and oil with pastry blender.
-Add egg.
-Stir into flour mixture.
-Knead lightly.
-Wrap in saran wrap and refrigerate overnite.
-When ready to bake, preheat oven to 375 degrees.
-Grease and flour 2 loaf pans.
-Divide dough into two pans.
-Bake for 35 minutes.
-Cool 10 minutes then turn onto cooling rack.
====================
RECIPE 4
[1m
Title:[0m Peanut butter pancakes
[1m
Ingredients:[0m
sugar, flour, egg, salt, butter, baking_powder, milk, oil
[1m
Instructions:[0m
-In a small bowl combine the peanut butter, flour, brown sugar and baking powder.
-In a large bowl, beat the egg and milk together with a fork until smooth.
-Stir in the peanut butter mixture.
-Stir in the flour mixture.
-Heat a large nonstick skillet to medium-high.
-Drop 1/4 cup of batter onto the hot skillet.
-Cook until bubbles form; flip and cook until golden brown, about 1 minute.
-Transfer to a platter and repeat with the remaining batter.
-Serve immediately.
====================
